2019-10-29 13:59:54.185 [main] INFO  c.e.springboot.SpringbootApplication -Starting SpringbootApplication on DESKTOP-8G5H6CR with PID 17272 (D:\testworkspace\springboot\target\classes started by 1 in D:\testworkspace\springboot)
2019-10-29 13:59:54.187 [main] INFO  c.e.springboot.SpringbootApplication -No active profile set, falling back to default profiles: default
2019-10-29 13:59:55.076 [main] INFO  o.s.b.w.e.tomcat.TomcatWebServer -Tomcat initialized with port(s): 8083 (http)
2019-10-29 13:59:55.087 [main] INFO  o.a.coyote.http11.Http11NioProtocol -Initializing ProtocolHandler ["http-nio-8083"]
2019-10-29 13:59:55.093 [main] INFO  o.a.catalina.core.StandardService -Starting service [Tomcat]
2019-10-29 13:59:55.093 [main] INFO  o.a.catalina.core.StandardEngine -Starting Servlet engine: [Apache Tomcat/9.0.22]
2019-10-29 13:59:55.199 [main] INFO  o.a.c.c.C.[Tomcat].[localhost].[/] -Initializing Spring embedded WebApplicationContext
2019-10-29 13:59:55.200 [main] INFO  o.s.web.context.ContextLoader -Root WebApplicationContext: initialization completed in 951 ms
2019-10-29 13:59:55.356 [main] INFO  o.s.s.c.ThreadPoolTaskExecutor -Initializing ExecutorService 'applicationTaskExecutor'
2019-10-29 13:59:55.556 [main] INFO  o.a.coyote.http11.Http11NioProtocol -Starting ProtocolHandler ["http-nio-8083"]
2019-10-29 13:59:55.577 [main] INFO  o.s.b.w.e.tomcat.TomcatWebServer -Tomcat started on port(s): 8083 (http) with context path ''
2019-10-29 13:59:55.579 [main] INFO  c.e.springboot.SpringbootApplication -Started SpringbootApplication in 1.789 seconds (JVM running for 3.183)
2019-10-29 14:00:30.793 [Thread-6] INFO  o.s.s.c.ThreadPoolTaskExecutor -Shutting down ExecutorService 'applicationTaskExecutor'
2019-10-29 14:00:37.790 [main] INFO  c.e.springboot.SpringbootApplication -Starting SpringbootApplication on DESKTOP-8G5H6CR with PID 16140 (D:\testworkspace\springboot\target\classes started by 1 in D:\testworkspace\springboot)
2019-10-29 14:00:37.792 [main] INFO  c.e.springboot.SpringbootApplication -No active profile set, falling back to default profiles: default
2019-10-29 14:00:38.556 [main] INFO  o.s.b.w.e.tomcat.TomcatWebServer -Tomcat initialized with port(s): 8083 (http)
2019-10-29 14:00:38.566 [main] INFO  o.a.coyote.http11.Http11NioProtocol -Initializing ProtocolHandler ["http-nio-8083"]
2019-10-29 14:00:38.571 [main] INFO  o.a.catalina.core.StandardService -Starting service [Tomcat]
2019-10-29 14:00:38.571 [main] INFO  o.a.catalina.core.StandardEngine -Starting Servlet engine: [Apache Tomcat/9.0.22]
2019-10-29 14:00:38.687 [main] INFO  o.a.c.c.C.[Tomcat].[localhost].[/] -Initializing Spring embedded WebApplicationContext
2019-10-29 14:00:38.688 [main] INFO  o.s.web.context.ContextLoader -Root WebApplicationContext: initialization completed in 869 ms
2019-10-29 14:00:38.861 [main] INFO  o.s.s.c.ThreadPoolTaskExecutor -Initializing ExecutorService 'applicationTaskExecutor'
2019-10-29 14:00:39.062 [main] INFO  o.a.coyote.http11.Http11NioProtocol -Starting ProtocolHandler ["http-nio-8083"]
2019-10-29 14:00:39.082 [main] INFO  o.s.b.w.e.tomcat.TomcatWebServer -Tomcat started on port(s): 8083 (http) with context path ''
2019-10-29 14:00:39.085 [main] INFO  c.e.springboot.SpringbootApplication -Started SpringbootApplication in 1.746 seconds (JVM running for 2.987)
2019-10-29 14:01:42.236 [Thread-6] INFO  o.s.s.c.ThreadPoolTaskExecutor -Shutting down ExecutorService 'applicationTaskExecutor'
2019-10-29 14:01:46.840 [main] INFO  c.e.springboot.SpringbootApplication -Starting SpringbootApplication on DESKTOP-8G5H6CR with PID 8176 (D:\testworkspace\springboot\target\classes started by 1 in D:\testworkspace\springboot)
2019-10-29 14:01:46.842 [main] INFO  c.e.springboot.SpringbootApplication -No active profile set, falling back to default profiles: default
2019-10-29 14:01:47.639 [main] INFO  o.s.b.w.e.tomcat.TomcatWebServer -Tomcat initialized with port(s): 8083 (http)
2019-10-29 14:01:47.649 [main] INFO  o.a.coyote.http11.Http11NioProtocol -Initializing ProtocolHandler ["http-nio-8083"]
2019-10-29 14:01:47.655 [main] INFO  o.a.catalina.core.StandardService -Starting service [Tomcat]
2019-10-29 14:01:47.655 [main] INFO  o.a.catalina.core.StandardEngine -Starting Servlet engine: [Apache Tomcat/9.0.22]
2019-10-29 14:01:47.757 [main] INFO  o.a.c.c.C.[Tomcat].[localhost].[/] -Initializing Spring embedded WebApplicationContext
2019-10-29 14:01:47.757 [main] INFO  o.s.web.context.ContextLoader -Root WebApplicationContext: initialization completed in 865 ms
2019-10-29 14:01:47.911 [main] INFO  o.s.s.c.ThreadPoolTaskExecutor -Initializing ExecutorService 'applicationTaskExecutor'
2019-10-29 14:01:48.111 [main] INFO  o.a.coyote.http11.Http11NioProtocol -Starting ProtocolHandler ["http-nio-8083"]
2019-10-29 14:01:48.134 [main] INFO  o.s.b.w.e.tomcat.TomcatWebServer -Tomcat started on port(s): 8083 (http) with context path ''
2019-10-29 14:01:48.137 [main] INFO  c.e.springboot.SpringbootApplication -Started SpringbootApplication in 1.701 seconds (JVM running for 2.947)
2019-10-29 14:18:30.554 [Thread-6] INFO  o.s.s.c.ThreadPoolTaskExecutor -Shutting down ExecutorService 'applicationTaskExecutor'
2019-10-29 14:18:41.014 [main] INFO  c.e.springboot.SpringbootApplication -Starting SpringbootApplication on DESKTOP-8G5H6CR with PID 16916 (D:\testworkspace\springboot\target\classes started by 1 in D:\testworkspace\springboot)
2019-10-29 14:18:41.017 [main] INFO  c.e.springboot.SpringbootApplication -No active profile set, falling back to default profiles: default
2019-10-29 14:18:41.792 [main] INFO  o.s.b.w.e.tomcat.TomcatWebServer -Tomcat initialized with port(s): 8083 (http)
2019-10-29 14:18:41.801 [main] INFO  o.a.coyote.http11.Http11NioProtocol -Initializing ProtocolHandler ["http-nio-8083"]
2019-10-29 14:18:41.807 [main] INFO  o.a.catalina.core.StandardService -Starting service [Tomcat]
2019-10-29 14:18:41.808 [main] INFO  o.a.catalina.core.StandardEngine -Starting Servlet engine: [Apache Tomcat/9.0.22]
2019-10-29 14:18:41.907 [main] INFO  o.a.c.c.C.[Tomcat].[localhost].[/] -Initializing Spring embedded WebApplicationContext
2019-10-29 14:18:41.907 [main] INFO  o.s.web.context.ContextLoader -Root WebApplicationContext: initialization completed in 857 ms
2019-10-29 14:18:42.059 [main] INFO  o.s.s.c.ThreadPoolTaskExecutor -Initializing ExecutorService 'applicationTaskExecutor'
2019-10-29 14:18:42.261 [main] INFO  o.a.coyote.http11.Http11NioProtocol -Starting ProtocolHandler ["http-nio-8083"]
2019-10-29 14:18:42.282 [main] INFO  o.s.b.w.e.tomcat.TomcatWebServer -Tomcat started on port(s): 8083 (http) with context path ''
2019-10-29 14:18:42.284 [main] INFO  c.e.springboot.SpringbootApplication -Started SpringbootApplication in 1.611 seconds (JVM running for 2.723)
2019-10-29 14:19:02.589 [Thread-6] INFO  o.s.s.c.ThreadPoolTaskExecutor -Shutting down ExecutorService 'applicationTaskExecutor'
2019-10-29 14:39:41.976 [main] INFO  c.e.springboot.SpringbootApplication -Starting SpringbootApplication on DESKTOP-8G5H6CR with PID 16596 (D:\testworkspace\springboot\target\classes started by 1 in D:\testworkspace\springboot)
2019-10-29 14:39:42.021 [main] INFO  c.e.springboot.SpringbootApplication -No active profile set, falling back to default profiles: default
2019-10-29 14:39:43.122 [main] INFO  o.s.b.w.e.tomcat.TomcatWebServer -Tomcat initialized with port(s): 8083 (http)
2019-10-29 14:39:43.136 [main] INFO  o.a.coyote.http11.Http11NioProtocol -Initializing ProtocolHandler ["http-nio-8083"]
2019-10-29 14:39:43.144 [main] INFO  o.a.catalina.core.StandardService -Starting service [Tomcat]
2019-10-29 14:39:43.144 [main] INFO  o.a.catalina.core.StandardEngine -Starting Servlet engine: [Apache Tomcat/9.0.22]
2019-10-29 14:39:43.258 [main] INFO  o.a.c.c.C.[Tomcat].[localhost].[/] -Initializing Spring embedded WebApplicationContext
2019-10-29 14:39:43.259 [main] INFO  o.s.web.context.ContextLoader -Root WebApplicationContext: initialization completed in 1177 ms
2019-10-29 14:39:43.319 [main] WARN  o.s.b.w.s.c.AnnotationConfigServletWebServerApplicationContext -Exception encountered during context initialization - cancelling refresh attempt: org.springframework.beans.factory.UnsatisfiedDependencyException: Error creating bean with name 'testUserController': Unsatisfied dependency expressed through field 'testUserService'; nested exception is org.springframework.beans.factory.UnsatisfiedDependencyException: Error creating bean with name 'testUserServiceImpl': Unsatisfied dependency expressed through field 'testUserMapper'; nested exception is org.springframework.beans.factory.NoSuchBeanDefinitionException: No qualifying bean of type 'com.example.springboot.dao.TestUserMapper' available: expected at least 1 bean which qualifies as autowire candidate. Dependency annotations: {@org.springframework.beans.factory.annotation.Autowired(required=true)}
2019-10-29 14:39:43.321 [main] INFO  o.a.catalina.core.StandardService -Stopping service [Tomcat]
2019-10-29 14:39:43.351 [main] INFO  o.s.b.a.l.ConditionEvaluationReportLoggingListener -

Error starting ApplicationContext. To display the conditions report re-run your application with 'debug' enabled.
2019-10-29 14:39:43.444 [main] ERROR o.s.b.d.LoggingFailureAnalysisReporter -

***************************
APPLICATION FAILED TO START
***************************

Description:

Field testUserMapper in com.example.springboot.impl.TestUserServiceImpl required a bean of type 'com.example.springboot.dao.TestUserMapper' that could not be found.

The injection point has the following annotations:
	- @org.springframework.beans.factory.annotation.Autowired(required=true)


Action:

Consider defining a bean of type 'com.example.springboot.dao.TestUserMapper' in your configuration.

2019-10-29 14:41:18.098 [main] INFO  c.e.springboot.SpringbootApplication -Starting SpringbootApplication on DESKTOP-8G5H6CR with PID 15440 (D:\testworkspace\springboot\target\classes started by 1 in D:\testworkspace\springboot)
2019-10-29 14:41:18.100 [main] INFO  c.e.springboot.SpringbootApplication -No active profile set, falling back to default profiles: default
2019-10-29 14:41:18.906 [main] INFO  o.s.b.w.e.tomcat.TomcatWebServer -Tomcat initialized with port(s): 8083 (http)
2019-10-29 14:41:18.916 [main] INFO  o.a.coyote.http11.Http11NioProtocol -Initializing ProtocolHandler ["http-nio-8083"]
2019-10-29 14:41:18.922 [main] INFO  o.a.catalina.core.StandardService -Starting service [Tomcat]
2019-10-29 14:41:18.922 [main] INFO  o.a.catalina.core.StandardEngine -Starting Servlet engine: [Apache Tomcat/9.0.22]
2019-10-29 14:41:19.014 [main] INFO  o.a.c.c.C.[Tomcat].[localhost].[/] -Initializing Spring embedded WebApplicationContext
2019-10-29 14:41:19.014 [main] INFO  o.s.web.context.ContextLoader -Root WebApplicationContext: initialization completed in 874 ms
2019-10-29 14:41:19.057 [main] WARN  o.s.b.w.s.c.AnnotationConfigServletWebServerApplicationContext -Exception encountered during context initialization - cancelling refresh attempt: org.springframework.beans.factory.UnsatisfiedDependencyException: Error creating bean with name 'testUserController': Unsatisfied dependency expressed through field 'testUserService'; nested exception is org.springframework.beans.factory.UnsatisfiedDependencyException: Error creating bean with name 'testUserServiceImpl': Unsatisfied dependency expressed through field 'testUserMapper'; nested exception is org.springframework.beans.factory.BeanCreationException: Error creating bean with name 'testUserMapper' defined in file [D:\testworkspace\springboot\target\classes\com\example\springboot\dao\TestUserMapper.class]: Invocation of init method failed; nested exception is java.lang.IllegalArgumentException: Property 'sqlSessionFactory' or 'sqlSessionTemplate' are required
2019-10-29 14:41:19.059 [main] INFO  o.a.catalina.core.StandardService -Stopping service [Tomcat]
2019-10-29 14:41:19.085 [main] INFO  o.s.b.a.l.ConditionEvaluationReportLoggingListener -

Error starting ApplicationContext. To display the conditions report re-run your application with 'debug' enabled.
2019-10-29 14:41:19.092 [main] ERROR o.s.boot.SpringApplication -Application run failed
org.springframework.beans.factory.UnsatisfiedDependencyException: Error creating bean with name 'testUserController': Unsatisfied dependency expressed through field 'testUserService'; nested exception is org.springframework.beans.factory.UnsatisfiedDependencyException: Error creating bean with name 'testUserServiceImpl': Unsatisfied dependency expressed through field 'testUserMapper'; nested exception is org.springframework.beans.factory.BeanCreationException: Error creating bean with name 'testUserMapper' defined in file [D:\testworkspace\springboot\target\classes\com\example\springboot\dao\TestUserMapper.class]: Invocation of init method failed; nested exception is java.lang.IllegalArgumentException: Property 'sqlSessionFactory' or 'sqlSessionTemplate' are required
	at org.springframework.beans.factory.annotation.AutowiredAnnotationBeanPostProcessor$AutowiredFieldElement.inject(AutowiredAnnotationBeanPostProcessor.java:596)
	at org.springframework.beans.factory.annotation.InjectionMetadata.inject(InjectionMetadata.java:90)
	at org.springframework.beans.factory.annotation.AutowiredAnnotationBeanPostProcessor.postProcessProperties(AutowiredAnnotationBeanPostProcessor.java:374)
	at org.springframework.beans.factory.support.AbstractAutowireCapableBeanFactory.populateBean(AbstractAutowireCapableBeanFactory.java:1411)
	at org.springframework.beans.factory.support.AbstractAutowireCapableBeanFactory.doCreateBean(AbstractAutowireCapableBeanFactory.java:592)
	at org.springframework.beans.factory.support.AbstractAutowireCapableBeanFactory.createBean(AbstractAutowireCapableBeanFactory.java:515)
	at org.springframework.beans.factory.support.AbstractBeanFactory.lambda$doGetBean$0(AbstractBeanFactory.java:320)
	at org.springframework.beans.factory.support.DefaultSingletonBeanRegistry.getSingleton(DefaultSingletonBeanRegistry.java:222)
	at org.springframework.beans.factory.support.AbstractBeanFactory.doGetBean(AbstractBeanFactory.java:318)
	at org.springframework.beans.factory.support.AbstractBeanFactory.getBean(AbstractBeanFactory.java:199)
	at org.springframework.beans.factory.support.DefaultListableBeanFactory.preInstantiateSingletons(DefaultListableBeanFactory.java:845)
	at org.springframework.context.support.AbstractApplicationContext.finishBeanFactoryInitialization(AbstractApplicationContext.java:877)
	at org.springframework.context.support.AbstractApplicationContext.refresh(AbstractApplicationContext.java:549)
	at org.springframework.boot.web.servlet.context.ServletWebServerApplicationContext.refresh(ServletWebServerApplicationContext.java:141)
	at org.springframework.boot.SpringApplication.refresh(SpringApplication.java:743)
	at org.springframework.boot.SpringApplication.refreshContext(SpringApplication.java:390)
	at org.springframework.boot.SpringApplication.run(SpringApplication.java:312)
	at org.springframework.boot.SpringApplication.run(SpringApplication.java:1214)
	at org.springframework.boot.SpringApplication.run(SpringApplication.java:1203)
	at com.example.springboot.SpringbootApplication.main(SpringbootApplication.java:12)
Caused by: org.springframework.beans.factory.UnsatisfiedDependencyException: Error creating bean with name 'testUserServiceImpl': Unsatisfied dependency expressed through field 'testUserMapper'; nested exception is org.springframework.beans.factory.BeanCreationException: Error creating bean with name 'testUserMapper' defined in file [D:\testworkspace\springboot\target\classes\com\example\springboot\dao\TestUserMapper.class]: Invocation of init method failed; nested exception is java.lang.IllegalArgumentException: Property 'sqlSessionFactory' or 'sqlSessionTemplate' are required
	at org.springframework.beans.factory.annotation.AutowiredAnnotationBeanPostProcessor$AutowiredFieldElement.inject(AutowiredAnnotationBeanPostProcessor.java:596)
	at org.springframework.beans.factory.annotation.InjectionMetadata.inject(InjectionMetadata.java:90)
	at org.springframework.beans.factory.annotation.AutowiredAnnotationBeanPostProcessor.postProcessProperties(AutowiredAnnotationBeanPostProcessor.java:374)
	at org.springframework.beans.factory.support.AbstractAutowireCapableBeanFactory.populateBean(AbstractAutowireCapableBeanFactory.java:1411)
	at org.springframework.beans.factory.support.AbstractAutowireCapableBeanFactory.doCreateBean(AbstractAutowireCapableBeanFactory.java:592)
	at org.springframework.beans.factory.support.AbstractAutowireCapableBeanFactory.createBean(AbstractAutowireCapableBeanFactory.java:515)
	at org.springframework.beans.factory.support.AbstractBeanFactory.lambda$doGetBean$0(AbstractBeanFactory.java:320)
	at org.springframework.beans.factory.support.DefaultSingletonBeanRegistry.getSingleton(DefaultSingletonBeanRegistry.java:222)
	at org.springframework.beans.factory.support.AbstractBeanFactory.doGetBean(AbstractBeanFactory.java:318)
	at org.springframework.beans.factory.support.AbstractBeanFactory.getBean(AbstractBeanFactory.java:199)
	at org.springframework.beans.factory.config.DependencyDescriptor.resolveCandidate(DependencyDescriptor.java:277)
	at org.springframework.beans.factory.support.DefaultListableBeanFactory.doResolveDependency(DefaultListableBeanFactory.java:1251)
	at org.springframework.beans.factory.support.DefaultListableBeanFactory.resolveDependency(DefaultListableBeanFactory.java:1171)
	at org.springframework.beans.factory.annotation.AutowiredAnnotationBeanPostProcessor$AutowiredFieldElement.inject(AutowiredAnnotationBeanPostProcessor.java:593)
	... 19 common frames omitted
Caused by: org.springframework.beans.factory.BeanCreationException: Error creating bean with name 'testUserMapper' defined in file [D:\testworkspace\springboot\target\classes\com\example\springboot\dao\TestUserMapper.class]: Invocation of init method failed; nested exception is java.lang.IllegalArgumentException: Property 'sqlSessionFactory' or 'sqlSessionTemplate' are required
	at org.springframework.beans.factory.support.AbstractAutowireCapableBeanFactory.initializeBean(AbstractAutowireCapableBeanFactory.java:1778)
	at org.springframework.beans.factory.support.AbstractAutowireCapableBeanFactory.doCreateBean(AbstractAutowireCapableBeanFactory.java:593)
	at org.springframework.beans.factory.support.AbstractAutowireCapableBeanFactory.createBean(AbstractAutowireCapableBeanFactory.java:515)
	at org.springframework.beans.factory.support.AbstractBeanFactory.lambda$doGetBean$0(AbstractBeanFactory.java:320)
	at org.springframework.beans.factory.support.DefaultSingletonBeanRegistry.getSingleton(DefaultSingletonBeanRegistry.java:222)
	at org.springframework.beans.factory.support.AbstractBeanFactory.doGetBean(AbstractBeanFactory.java:318)
	at org.springframework.beans.factory.support.AbstractBeanFactory.getBean(AbstractBeanFactory.java:199)
	at org.springframework.beans.factory.config.DependencyDescriptor.resolveCandidate(DependencyDescriptor.java:277)
	at org.springframework.beans.factory.support.DefaultListableBeanFactory.doResolveDependency(DefaultListableBeanFactory.java:1251)
	at org.springframework.beans.factory.support.DefaultListableBeanFactory.resolveDependency(DefaultListableBeanFactory.java:1171)
	at org.springframework.beans.factory.annotation.AutowiredAnnotationBeanPostProcessor$AutowiredFieldElement.inject(AutowiredAnnotationBeanPostProcessor.java:593)
	... 32 common frames omitted
Caused by: java.lang.IllegalArgumentException: Property 'sqlSessionFactory' or 'sqlSessionTemplate' are required
	at org.springframework.util.Assert.notNull(Assert.java:198)
	at org.mybatis.spring.support.SqlSessionDaoSupport.checkDaoConfig(SqlSessionDaoSupport.java:75)
	at org.mybatis.spring.mapper.MapperFactoryBean.checkDaoConfig(MapperFactoryBean.java:73)
	at org.springframework.dao.support.DaoSupport.afterPropertiesSet(DaoSupport.java:44)
	at org.springframework.beans.factory.support.AbstractAutowireCapableBeanFactory.invokeInitMethods(AbstractAutowireCapableBeanFactory.java:1837)
	at org.springframework.beans.factory.support.AbstractAutowireCapableBeanFactory.initializeBean(AbstractAutowireCapableBeanFactory.java:1774)
	... 42 common frames omitted
2019-10-29 14:46:34.684 [main] INFO  c.e.springboot.SpringbootApplication -Starting SpringbootApplication on DESKTOP-8G5H6CR with PID 844 (D:\testworkspace\springboot\target\classes started by 1 in D:\testworkspace\springboot)
2019-10-29 14:46:34.685 [main] INFO  c.e.springboot.SpringbootApplication -No active profile set, falling back to default profiles: default
2019-10-29 14:46:35.466 [main] INFO  o.s.b.w.e.tomcat.TomcatWebServer -Tomcat initialized with port(s): 8083 (http)
2019-10-29 14:46:35.476 [main] INFO  o.a.coyote.http11.Http11NioProtocol -Initializing ProtocolHandler ["http-nio-8083"]
2019-10-29 14:46:35.482 [main] INFO  o.a.catalina.core.StandardService -Starting service [Tomcat]
2019-10-29 14:46:35.482 [main] INFO  o.a.catalina.core.StandardEngine -Starting Servlet engine: [Apache Tomcat/9.0.22]
2019-10-29 14:46:35.575 [main] INFO  o.a.c.c.C.[Tomcat].[localhost].[/] -Initializing Spring embedded WebApplicationContext
2019-10-29 14:46:35.575 [main] INFO  o.s.web.context.ContextLoader -Root WebApplicationContext: initialization completed in 852 ms
2019-10-29 14:46:35.618 [main] WARN  o.s.b.w.s.c.AnnotationConfigServletWebServerApplicationContext -Exception encountered during context initialization - cancelling refresh attempt: org.springframework.beans.factory.UnsatisfiedDependencyException: Error creating bean with name 'testUserController': Unsatisfied dependency expressed through field 'testUserService'; nested exception is org.springframework.beans.factory.BeanCreationException: Error creating bean with name 'testUserService' defined in file [D:\testworkspace\springboot\target\classes\com\example\springboot\service\TestUserService.class]: Invocation of init method failed; nested exception is java.lang.IllegalArgumentException: Property 'sqlSessionFactory' or 'sqlSessionTemplate' are required
2019-10-29 14:46:35.620 [main] INFO  o.a.catalina.core.StandardService -Stopping service [Tomcat]
2019-10-29 14:46:35.647 [main] INFO  o.s.b.a.l.ConditionEvaluationReportLoggingListener -

Error starting ApplicationContext. To display the conditions report re-run your application with 'debug' enabled.
2019-10-29 14:46:35.654 [main] ERROR o.s.boot.SpringApplication -Application run failed
org.springframework.beans.factory.UnsatisfiedDependencyException: Error creating bean with name 'testUserController': Unsatisfied dependency expressed through field 'testUserService'; nested exception is org.springframework.beans.factory.BeanCreationException: Error creating bean with name 'testUserService' defined in file [D:\testworkspace\springboot\target\classes\com\example\springboot\service\TestUserService.class]: Invocation of init method failed; nested exception is java.lang.IllegalArgumentException: Property 'sqlSessionFactory' or 'sqlSessionTemplate' are required
	at org.springframework.beans.factory.annotation.AutowiredAnnotationBeanPostProcessor$AutowiredFieldElement.inject(AutowiredAnnotationBeanPostProcessor.java:596)
	at org.springframework.beans.factory.annotation.InjectionMetadata.inject(InjectionMetadata.java:90)
	at org.springframework.beans.factory.annotation.AutowiredAnnotationBeanPostProcessor.postProcessProperties(AutowiredAnnotationBeanPostProcessor.java:374)
	at org.springframework.beans.factory.support.AbstractAutowireCapableBeanFactory.populateBean(AbstractAutowireCapableBeanFactory.java:1411)
	at org.springframework.beans.factory.support.AbstractAutowireCapableBeanFactory.doCreateBean(AbstractAutowireCapableBeanFactory.java:592)
	at org.springframework.beans.factory.support.AbstractAutowireCapableBeanFactory.createBean(AbstractAutowireCapableBeanFactory.java:515)
	at org.springframework.beans.factory.support.AbstractBeanFactory.lambda$doGetBean$0(AbstractBeanFactory.java:320)
	at org.springframework.beans.factory.support.DefaultSingletonBeanRegistry.getSingleton(DefaultSingletonBeanRegistry.java:222)
	at org.springframework.beans.factory.support.AbstractBeanFactory.doGetBean(AbstractBeanFactory.java:318)
	at org.springframework.beans.factory.support.AbstractBeanFactory.getBean(AbstractBeanFactory.java:199)
	at org.springframework.beans.factory.support.DefaultListableBeanFactory.preInstantiateSingletons(DefaultListableBeanFactory.java:845)
	at org.springframework.context.support.AbstractApplicationContext.finishBeanFactoryInitialization(AbstractApplicationContext.java:877)
	at org.springframework.context.support.AbstractApplicationContext.refresh(AbstractApplicationContext.java:549)
	at org.springframework.boot.web.servlet.context.ServletWebServerApplicationContext.refresh(ServletWebServerApplicationContext.java:141)
	at org.springframework.boot.SpringApplication.refresh(SpringApplication.java:743)
	at org.springframework.boot.SpringApplication.refreshContext(SpringApplication.java:390)
	at org.springframework.boot.SpringApplication.run(SpringApplication.java:312)
	at org.springframework.boot.SpringApplication.run(SpringApplication.java:1214)
	at org.springframework.boot.SpringApplication.run(SpringApplication.java:1203)
	at com.example.springboot.SpringbootApplication.main(SpringbootApplication.java:12)
Caused by: org.springframework.beans.factory.BeanCreationException: Error creating bean with name 'testUserService' defined in file [D:\testworkspace\springboot\target\classes\com\example\springboot\service\TestUserService.class]: Invocation of init method failed; nested exception is java.lang.IllegalArgumentException: Property 'sqlSessionFactory' or 'sqlSessionTemplate' are required
	at org.springframework.beans.factory.support.AbstractAutowireCapableBeanFactory.initializeBean(AbstractAutowireCapableBeanFactory.java:1778)
	at org.springframework.beans.factory.support.AbstractAutowireCapableBeanFactory.doCreateBean(AbstractAutowireCapableBeanFactory.java:593)
	at org.springframework.beans.factory.support.AbstractAutowireCapableBeanFactory.createBean(AbstractAutowireCapableBeanFactory.java:515)
	at org.springframework.beans.factory.support.AbstractBeanFactory.lambda$doGetBean$0(AbstractBeanFactory.java:320)
	at org.springframework.beans.factory.support.DefaultSingletonBeanRegistry.getSingleton(DefaultSingletonBeanRegistry.java:222)
	at org.springframework.beans.factory.support.AbstractBeanFactory.doGetBean(AbstractBeanFactory.java:318)
	at org.springframework.beans.factory.support.AbstractBeanFactory.getBean(AbstractBeanFactory.java:199)
	at org.springframework.beans.factory.config.DependencyDescriptor.resolveCandidate(DependencyDescriptor.java:277)
	at org.springframework.beans.factory.support.DefaultListableBeanFactory.doResolveDependency(DefaultListableBeanFactory.java:1251)
	at org.springframework.beans.factory.support.DefaultListableBeanFactory.resolveDependency(DefaultListableBeanFactory.java:1171)
	at org.springframework.beans.factory.annotation.AutowiredAnnotationBeanPostProcessor$AutowiredFieldElement.inject(AutowiredAnnotationBeanPostProcessor.java:593)
	... 19 common frames omitted
Caused by: java.lang.IllegalArgumentException: Property 'sqlSessionFactory' or 'sqlSessionTemplate' are required
	at org.springframework.util.Assert.notNull(Assert.java:198)
	at org.mybatis.spring.support.SqlSessionDaoSupport.checkDaoConfig(SqlSessionDaoSupport.java:75)
	at org.mybatis.spring.mapper.MapperFactoryBean.checkDaoConfig(MapperFactoryBean.java:73)
	at org.springframework.dao.support.DaoSupport.afterPropertiesSet(DaoSupport.java:44)
	at org.springframework.beans.factory.support.AbstractAutowireCapableBeanFactory.invokeInitMethods(AbstractAutowireCapableBeanFactory.java:1837)
	at org.springframework.beans.factory.support.AbstractAutowireCapableBeanFactory.initializeBean(AbstractAutowireCapableBeanFactory.java:1774)
	... 29 common frames omitted
2019-10-29 14:46:48.047 [main] INFO  c.e.springboot.SpringbootApplication -Starting SpringbootApplication on DESKTOP-8G5H6CR with PID 1724 (D:\testworkspace\springboot\target\classes started by 1 in D:\testworkspace\springboot)
2019-10-29 14:46:48.051 [main] INFO  c.e.springboot.SpringbootApplication -No active profile set, falling back to default profiles: default
2019-10-29 14:46:48.873 [main] INFO  o.s.b.w.e.tomcat.TomcatWebServer -Tomcat initialized with port(s): 8083 (http)
2019-10-29 14:46:48.884 [main] INFO  o.a.coyote.http11.Http11NioProtocol -Initializing ProtocolHandler ["http-nio-8083"]
2019-10-29 14:46:48.889 [main] INFO  o.a.catalina.core.StandardService -Starting service [Tomcat]
2019-10-29 14:46:48.890 [main] INFO  o.a.catalina.core.StandardEngine -Starting Servlet engine: [Apache Tomcat/9.0.22]
2019-10-29 14:46:48.981 [main] INFO  o.a.c.c.C.[Tomcat].[localhost].[/] -Initializing Spring embedded WebApplicationContext
2019-10-29 14:46:48.982 [main] INFO  o.s.web.context.ContextLoader -Root WebApplicationContext: initialization completed in 896 ms
2019-10-29 14:46:49.026 [main] WARN  o.s.b.w.s.c.AnnotationConfigServletWebServerApplicationContext -Exception encountered during context initialization - cancelling refresh attempt: org.springframework.beans.factory.UnsatisfiedDependencyException: Error creating bean with name 'testUserController': Unsatisfied dependency expressed through field 'testUserService'; nested exception is org.springframework.beans.factory.UnsatisfiedDependencyException: Error creating bean with name 'testUserServiceImpl': Unsatisfied dependency expressed through field 'testUserMapper'; nested exception is org.springframework.beans.factory.BeanCreationException: Error creating bean with name 'testUserMapper' defined in file [D:\testworkspace\springboot\target\classes\com\example\springboot\dao\TestUserMapper.class]: Invocation of init method failed; nested exception is java.lang.IllegalArgumentException: Property 'sqlSessionFactory' or 'sqlSessionTemplate' are required
2019-10-29 14:46:49.028 [main] INFO  o.a.catalina.core.StandardService -Stopping service [Tomcat]
2019-10-29 14:46:49.055 [main] INFO  o.s.b.a.l.ConditionEvaluationReportLoggingListener -

Error starting ApplicationContext. To display the conditions report re-run your application with 'debug' enabled.
2019-10-29 14:46:49.062 [main] ERROR o.s.boot.SpringApplication -Application run failed
org.springframework.beans.factory.UnsatisfiedDependencyException: Error creating bean with name 'testUserController': Unsatisfied dependency expressed through field 'testUserService'; nested exception is org.springframework.beans.factory.UnsatisfiedDependencyException: Error creating bean with name 'testUserServiceImpl': Unsatisfied dependency expressed through field 'testUserMapper'; nested exception is org.springframework.beans.factory.BeanCreationException: Error creating bean with name 'testUserMapper' defined in file [D:\testworkspace\springboot\target\classes\com\example\springboot\dao\TestUserMapper.class]: Invocation of init method failed; nested exception is java.lang.IllegalArgumentException: Property 'sqlSessionFactory' or 'sqlSessionTemplate' are required
	at org.springframework.beans.factory.annotation.AutowiredAnnotationBeanPostProcessor$AutowiredFieldElement.inject(AutowiredAnnotationBeanPostProcessor.java:596)
	at org.springframework.beans.factory.annotation.InjectionMetadata.inject(InjectionMetadata.java:90)
	at org.springframework.beans.factory.annotation.AutowiredAnnotationBeanPostProcessor.postProcessProperties(AutowiredAnnotationBeanPostProcessor.java:374)
	at org.springframework.beans.factory.support.AbstractAutowireCapableBeanFactory.populateBean(AbstractAutowireCapableBeanFactory.java:1411)
	at org.springframework.beans.factory.support.AbstractAutowireCapableBeanFactory.doCreateBean(AbstractAutowireCapableBeanFactory.java:592)
	at org.springframework.beans.factory.support.AbstractAutowireCapableBeanFactory.createBean(AbstractAutowireCapableBeanFactory.java:515)
	at org.springframework.beans.factory.support.AbstractBeanFactory.lambda$doGetBean$0(AbstractBeanFactory.java:320)
	at org.springframework.beans.factory.support.DefaultSingletonBeanRegistry.getSingleton(DefaultSingletonBeanRegistry.java:222)
	at org.springframework.beans.factory.support.AbstractBeanFactory.doGetBean(AbstractBeanFactory.java:318)
	at org.springframework.beans.factory.support.AbstractBeanFactory.getBean(AbstractBeanFactory.java:199)
	at org.springframework.beans.factory.support.DefaultListableBeanFactory.preInstantiateSingletons(DefaultListableBeanFactory.java:845)
	at org.springframework.context.support.AbstractApplicationContext.finishBeanFactoryInitialization(AbstractApplicationContext.java:877)
	at org.springframework.context.support.AbstractApplicationContext.refresh(AbstractApplicationContext.java:549)
	at org.springframework.boot.web.servlet.context.ServletWebServerApplicationContext.refresh(ServletWebServerApplicationContext.java:141)
	at org.springframework.boot.SpringApplication.refresh(SpringApplication.java:743)
	at org.springframework.boot.SpringApplication.refreshContext(SpringApplication.java:390)
	at org.springframework.boot.SpringApplication.run(SpringApplication.java:312)
	at org.springframework.boot.SpringApplication.run(SpringApplication.java:1214)
	at org.springframework.boot.SpringApplication.run(SpringApplication.java:1203)
	at com.example.springboot.SpringbootApplication.main(SpringbootApplication.java:12)
Caused by: org.springframework.beans.factory.UnsatisfiedDependencyException: Error creating bean with name 'testUserServiceImpl': Unsatisfied dependency expressed through field 'testUserMapper'; nested exception is org.springframework.beans.factory.BeanCreationException: Error creating bean with name 'testUserMapper' defined in file [D:\testworkspace\springboot\target\classes\com\example\springboot\dao\TestUserMapper.class]: Invocation of init method failed; nested exception is java.lang.IllegalArgumentException: Property 'sqlSessionFactory' or 'sqlSessionTemplate' are required
	at org.springframework.beans.factory.annotation.AutowiredAnnotationBeanPostProcessor$AutowiredFieldElement.inject(AutowiredAnnotationBeanPostProcessor.java:596)
	at org.springframework.beans.factory.annotation.InjectionMetadata.inject(InjectionMetadata.java:90)
	at org.springframework.beans.factory.annotation.AutowiredAnnotationBeanPostProcessor.postProcessProperties(AutowiredAnnotationBeanPostProcessor.java:374)
	at org.springframework.beans.factory.support.AbstractAutowireCapableBeanFactory.populateBean(AbstractAutowireCapableBeanFactory.java:1411)
	at org.springframework.beans.factory.support.AbstractAutowireCapableBeanFactory.doCreateBean(AbstractAutowireCapableBeanFactory.java:592)
	at org.springframework.beans.factory.support.AbstractAutowireCapableBeanFactory.createBean(AbstractAutowireCapableBeanFactory.java:515)
	at org.springframework.beans.factory.support.AbstractBeanFactory.lambda$doGetBean$0(AbstractBeanFactory.java:320)
	at org.springframework.beans.factory.support.DefaultSingletonBeanRegistry.getSingleton(DefaultSingletonBeanRegistry.java:222)
	at org.springframework.beans.factory.support.AbstractBeanFactory.doGetBean(AbstractBeanFactory.java:318)
	at org.springframework.beans.factory.support.AbstractBeanFactory.getBean(AbstractBeanFactory.java:199)
	at org.springframework.beans.factory.config.DependencyDescriptor.resolveCandidate(DependencyDescriptor.java:277)
	at org.springframework.beans.factory.support.DefaultListableBeanFactory.doResolveDependency(DefaultListableBeanFactory.java:1251)
	at org.springframework.beans.factory.support.DefaultListableBeanFactory.resolveDependency(DefaultListableBeanFactory.java:1171)
	at org.springframework.beans.factory.annotation.AutowiredAnnotationBeanPostProcessor$AutowiredFieldElement.inject(AutowiredAnnotationBeanPostProcessor.java:593)
	... 19 common frames omitted
Caused by: org.springframework.beans.factory.BeanCreationException: Error creating bean with name 'testUserMapper' defined in file [D:\testworkspace\springboot\target\classes\com\example\springboot\dao\TestUserMapper.class]: Invocation of init method failed; nested exception is java.lang.IllegalArgumentException: Property 'sqlSessionFactory' or 'sqlSessionTemplate' are required
	at org.springframework.beans.factory.support.AbstractAutowireCapableBeanFactory.initializeBean(AbstractAutowireCapableBeanFactory.java:1778)
	at org.springframework.beans.factory.support.AbstractAutowireCapableBeanFactory.doCreateBean(AbstractAutowireCapableBeanFactory.java:593)
	at org.springframework.beans.factory.support.AbstractAutowireCapableBeanFactory.createBean(AbstractAutowireCapableBeanFactory.java:515)
	at org.springframework.beans.factory.support.AbstractBeanFactory.lambda$doGetBean$0(AbstractBeanFactory.java:320)
	at org.springframework.beans.factory.support.DefaultSingletonBeanRegistry.getSingleton(DefaultSingletonBeanRegistry.java:222)
	at org.springframework.beans.factory.support.AbstractBeanFactory.doGetBean(AbstractBeanFactory.java:318)
	at org.springframework.beans.factory.support.AbstractBeanFactory.getBean(AbstractBeanFactory.java:199)
	at org.springframework.beans.factory.config.DependencyDescriptor.resolveCandidate(DependencyDescriptor.java:277)
	at org.springframework.beans.factory.support.DefaultListableBeanFactory.doResolveDependency(DefaultListableBeanFactory.java:1251)
	at org.springframework.beans.factory.support.DefaultListableBeanFactory.resolveDependency(DefaultListableBeanFactory.java:1171)
	at org.springframework.beans.factory.annotation.AutowiredAnnotationBeanPostProcessor$AutowiredFieldElement.inject(AutowiredAnnotationBeanPostProcessor.java:593)
	... 32 common frames omitted
Caused by: java.lang.IllegalArgumentException: Property 'sqlSessionFactory' or 'sqlSessionTemplate' are required
	at org.springframework.util.Assert.notNull(Assert.java:198)
	at org.mybatis.spring.support.SqlSessionDaoSupport.checkDaoConfig(SqlSessionDaoSupport.java:75)
	at org.mybatis.spring.mapper.MapperFactoryBean.checkDaoConfig(MapperFactoryBean.java:73)
	at org.springframework.dao.support.DaoSupport.afterPropertiesSet(DaoSupport.java:44)
	at org.springframework.beans.factory.support.AbstractAutowireCapableBeanFactory.invokeInitMethods(AbstractAutowireCapableBeanFactory.java:1837)
	at org.springframework.beans.factory.support.AbstractAutowireCapableBeanFactory.initializeBean(AbstractAutowireCapableBeanFactory.java:1774)
	... 42 common frames omitted
2019-10-29 14:51:25.251 [main] INFO  c.e.springboot.SpringbootApplication -Starting SpringbootApplication on DESKTOP-8G5H6CR with PID 13912 (D:\testworkspace\springboot\target\classes started by 1 in D:\testworkspace\springboot)
2019-10-29 14:51:25.253 [main] INFO  c.e.springboot.SpringbootApplication -No active profile set, falling back to default profiles: default
2019-10-29 14:51:26.061 [main] INFO  o.s.b.w.e.tomcat.TomcatWebServer -Tomcat initialized with port(s): 8083 (http)
2019-10-29 14:51:26.071 [main] INFO  o.a.coyote.http11.Http11NioProtocol -Initializing ProtocolHandler ["http-nio-8083"]
2019-10-29 14:51:26.077 [main] INFO  o.a.catalina.core.StandardService -Starting service [Tomcat]
2019-10-29 14:51:26.077 [main] INFO  o.a.catalina.core.StandardEngine -Starting Servlet engine: [Apache Tomcat/9.0.22]
2019-10-29 14:51:26.172 [main] INFO  o.a.c.c.C.[Tomcat].[localhost].[/] -Initializing Spring embedded WebApplicationContext
2019-10-29 14:51:26.172 [main] INFO  o.s.web.context.ContextLoader -Root WebApplicationContext: initialization completed in 885 ms
2019-10-29 14:51:26.215 [main] WARN  o.s.b.w.s.c.AnnotationConfigServletWebServerApplicationContext -Exception encountered during context initialization - cancelling refresh attempt: org.springframework.beans.factory.UnsatisfiedDependencyException: Error creating bean with name 'testUserController': Unsatisfied dependency expressed through field 'testUserService'; nested exception is org.springframework.beans.factory.UnsatisfiedDependencyException: Error creating bean with name 'testUserServiceImpl': Unsatisfied dependency expressed through field 'testUserMapper'; nested exception is org.springframework.beans.factory.BeanCreationException: Error creating bean with name 'testUserMapper' defined in file [D:\testworkspace\springboot\target\classes\com\example\springboot\dao\TestUserMapper.class]: Invocation of init method failed; nested exception is java.lang.IllegalArgumentException: Property 'sqlSessionFactory' or 'sqlSessionTemplate' are required
2019-10-29 14:51:26.217 [main] INFO  o.a.catalina.core.StandardService -Stopping service [Tomcat]
2019-10-29 14:51:26.242 [main] INFO  o.s.b.a.l.ConditionEvaluationReportLoggingListener -

Error starting ApplicationContext. To display the conditions report re-run your application with 'debug' enabled.
2019-10-29 14:51:26.249 [main] ERROR o.s.boot.SpringApplication -Application run failed
org.springframework.beans.factory.UnsatisfiedDependencyException: Error creating bean with name 'testUserController': Unsatisfied dependency expressed through field 'testUserService'; nested exception is org.springframework.beans.factory.UnsatisfiedDependencyException: Error creating bean with name 'testUserServiceImpl': Unsatisfied dependency expressed through field 'testUserMapper'; nested exception is org.springframework.beans.factory.BeanCreationException: Error creating bean with name 'testUserMapper' defined in file [D:\testworkspace\springboot\target\classes\com\example\springboot\dao\TestUserMapper.class]: Invocation of init method failed; nested exception is java.lang.IllegalArgumentException: Property 'sqlSessionFactory' or 'sqlSessionTemplate' are required
	at org.springframework.beans.factory.annotation.AutowiredAnnotationBeanPostProcessor$AutowiredFieldElement.inject(AutowiredAnnotationBeanPostProcessor.java:596)
	at org.springframework.beans.factory.annotation.InjectionMetadata.inject(InjectionMetadata.java:90)
	at org.springframework.beans.factory.annotation.AutowiredAnnotationBeanPostProcessor.postProcessProperties(AutowiredAnnotationBeanPostProcessor.java:374)
	at org.springframework.beans.factory.support.AbstractAutowireCapableBeanFactory.populateBean(AbstractAutowireCapableBeanFactory.java:1411)
	at org.springframework.beans.factory.support.AbstractAutowireCapableBeanFactory.doCreateBean(AbstractAutowireCapableBeanFactory.java:592)
	at org.springframework.beans.factory.support.AbstractAutowireCapableBeanFactory.createBean(AbstractAutowireCapableBeanFactory.java:515)
	at org.springframework.beans.factory.support.AbstractBeanFactory.lambda$doGetBean$0(AbstractBeanFactory.java:320)
	at org.springframework.beans.factory.support.DefaultSingletonBeanRegistry.getSingleton(DefaultSingletonBeanRegistry.java:222)
	at org.springframework.beans.factory.support.AbstractBeanFactory.doGetBean(AbstractBeanFactory.java:318)
	at org.springframework.beans.factory.support.AbstractBeanFactory.getBean(AbstractBeanFactory.java:199)
	at org.springframework.beans.factory.support.DefaultListableBeanFactory.preInstantiateSingletons(DefaultListableBeanFactory.java:845)
	at org.springframework.context.support.AbstractApplicationContext.finishBeanFactoryInitialization(AbstractApplicationContext.java:877)
	at org.springframework.context.support.AbstractApplicationContext.refresh(AbstractApplicationContext.java:549)
	at org.springframework.boot.web.servlet.context.ServletWebServerApplicationContext.refresh(ServletWebServerApplicationContext.java:141)
	at org.springframework.boot.SpringApplication.refresh(SpringApplication.java:743)
	at org.springframework.boot.SpringApplication.refreshContext(SpringApplication.java:390)
	at org.springframework.boot.SpringApplication.run(SpringApplication.java:312)
	at org.springframework.boot.SpringApplication.run(SpringApplication.java:1214)
	at org.springframework.boot.SpringApplication.run(SpringApplication.java:1203)
	at com.example.springboot.SpringbootApplication.main(SpringbootApplication.java:12)
Caused by: org.springframework.beans.factory.UnsatisfiedDependencyException: Error creating bean with name 'testUserServiceImpl': Unsatisfied dependency expressed through field 'testUserMapper'; nested exception is org.springframework.beans.factory.BeanCreationException: Error creating bean with name 'testUserMapper' defined in file [D:\testworkspace\springboot\target\classes\com\example\springboot\dao\TestUserMapper.class]: Invocation of init method failed; nested exception is java.lang.IllegalArgumentException: Property 'sqlSessionFactory' or 'sqlSessionTemplate' are required
	at org.springframework.beans.factory.annotation.AutowiredAnnotationBeanPostProcessor$AutowiredFieldElement.inject(AutowiredAnnotationBeanPostProcessor.java:596)
	at org.springframework.beans.factory.annotation.InjectionMetadata.inject(InjectionMetadata.java:90)
	at org.springframework.beans.factory.annotation.AutowiredAnnotationBeanPostProcessor.postProcessProperties(AutowiredAnnotationBeanPostProcessor.java:374)
	at org.springframework.beans.factory.support.AbstractAutowireCapableBeanFactory.populateBean(AbstractAutowireCapableBeanFactory.java:1411)
	at org.springframework.beans.factory.support.AbstractAutowireCapableBeanFactory.doCreateBean(AbstractAutowireCapableBeanFactory.java:592)
	at org.springframework.beans.factory.support.AbstractAutowireCapableBeanFactory.createBean(AbstractAutowireCapableBeanFactory.java:515)
	at org.springframework.beans.factory.support.AbstractBeanFactory.lambda$doGetBean$0(AbstractBeanFactory.java:320)
	at org.springframework.beans.factory.support.DefaultSingletonBeanRegistry.getSingleton(DefaultSingletonBeanRegistry.java:222)
	at org.springframework.beans.factory.support.AbstractBeanFactory.doGetBean(AbstractBeanFactory.java:318)
	at org.springframework.beans.factory.support.AbstractBeanFactory.getBean(AbstractBeanFactory.java:199)
	at org.springframework.beans.factory.config.DependencyDescriptor.resolveCandidate(DependencyDescriptor.java:277)
	at org.springframework.beans.factory.support.DefaultListableBeanFactory.doResolveDependency(DefaultListableBeanFactory.java:1251)
	at org.springframework.beans.factory.support.DefaultListableBeanFactory.resolveDependency(DefaultListableBeanFactory.java:1171)
	at org.springframework.beans.factory.annotation.AutowiredAnnotationBeanPostProcessor$AutowiredFieldElement.inject(AutowiredAnnotationBeanPostProcessor.java:593)
	... 19 common frames omitted
Caused by: org.springframework.beans.factory.BeanCreationException: Error creating bean with name 'testUserMapper' defined in file [D:\testworkspace\springboot\target\classes\com\example\springboot\dao\TestUserMapper.class]: Invocation of init method failed; nested exception is java.lang.IllegalArgumentException: Property 'sqlSessionFactory' or 'sqlSessionTemplate' are required
	at org.springframework.beans.factory.support.AbstractAutowireCapableBeanFactory.initializeBean(AbstractAutowireCapableBeanFactory.java:1778)
	at org.springframework.beans.factory.support.AbstractAutowireCapableBeanFactory.doCreateBean(AbstractAutowireCapableBeanFactory.java:593)
	at org.springframework.beans.factory.support.AbstractAutowireCapableBeanFactory.createBean(AbstractAutowireCapableBeanFactory.java:515)
	at org.springframework.beans.factory.support.AbstractBeanFactory.lambda$doGetBean$0(AbstractBeanFactory.java:320)
	at org.springframework.beans.factory.support.DefaultSingletonBeanRegistry.getSingleton(DefaultSingletonBeanRegistry.java:222)
	at org.springframework.beans.factory.support.AbstractBeanFactory.doGetBean(AbstractBeanFactory.java:318)
	at org.springframework.beans.factory.support.AbstractBeanFactory.getBean(AbstractBeanFactory.java:199)
	at org.springframework.beans.factory.config.DependencyDescriptor.resolveCandidate(DependencyDescriptor.java:277)
	at org.springframework.beans.factory.support.DefaultListableBeanFactory.doResolveDependency(DefaultListableBeanFactory.java:1251)
	at org.springframework.beans.factory.support.DefaultListableBeanFactory.resolveDependency(DefaultListableBeanFactory.java:1171)
	at org.springframework.beans.factory.annotation.AutowiredAnnotationBeanPostProcessor$AutowiredFieldElement.inject(AutowiredAnnotationBeanPostProcessor.java:593)
	... 32 common frames omitted
Caused by: java.lang.IllegalArgumentException: Property 'sqlSessionFactory' or 'sqlSessionTemplate' are required
	at org.springframework.util.Assert.notNull(Assert.java:198)
	at org.mybatis.spring.support.SqlSessionDaoSupport.checkDaoConfig(SqlSessionDaoSupport.java:75)
	at org.mybatis.spring.mapper.MapperFactoryBean.checkDaoConfig(MapperFactoryBean.java:73)
	at org.springframework.dao.support.DaoSupport.afterPropertiesSet(DaoSupport.java:44)
	at org.springframework.beans.factory.support.AbstractAutowireCapableBeanFactory.invokeInitMethods(AbstractAutowireCapableBeanFactory.java:1837)
	at org.springframework.beans.factory.support.AbstractAutowireCapableBeanFactory.initializeBean(AbstractAutowireCapableBeanFactory.java:1774)
	... 42 common frames omitted
2019-10-29 15:04:39.756 [main] INFO  c.e.springboot.SpringbootApplication -Starting SpringbootApplication on DESKTOP-8G5H6CR with PID 11208 (D:\testworkspace\springboot\target\classes started by 1 in D:\testworkspace\springboot)
2019-10-29 15:04:39.761 [main] INFO  c.e.springboot.SpringbootApplication -No active profile set, falling back to default profiles: default
2019-10-29 15:04:40.169 [main] WARN  o.m.s.mapper.ClassPathMapperScanner -Skipping MapperFactoryBean with name 'testUserMapper' and 'com.example.springboot.dao.TestUserMapper' mapperInterface. Bean already defined with the same name!
2019-10-29 15:04:40.170 [main] WARN  o.m.s.mapper.ClassPathMapperScanner -No MyBatis mapper was found in '[com.example.springboot.dao]' package. Please check your configuration.
2019-10-29 15:04:40.178 [main] INFO  o.s.c.a.ConfigurationClassPostProcessor -Cannot enhance @Configuration bean definition 'primaryDataSourceConfig' since its singleton instance has been created too early. The typical cause is a non-static @Bean method with a BeanDefinitionRegistryPostProcessor return type: Consider declaring such methods as 'static'.
2019-10-29 15:04:40.459 [main] INFO  o.s.b.w.e.tomcat.TomcatWebServer -Tomcat initialized with port(s): 8083 (http)
2019-10-29 15:04:40.468 [main] INFO  o.a.coyote.http11.Http11NioProtocol -Initializing ProtocolHandler ["http-nio-8083"]
2019-10-29 15:04:40.473 [main] INFO  o.a.catalina.core.StandardService -Starting service [Tomcat]
2019-10-29 15:04:40.473 [main] INFO  o.a.catalina.core.StandardEngine -Starting Servlet engine: [Apache Tomcat/9.0.22]
2019-10-29 15:04:40.555 [main] INFO  o.a.c.c.C.[Tomcat].[localhost].[/] -Initializing Spring embedded WebApplicationContext
2019-10-29 15:04:40.556 [main] INFO  o.s.web.context.ContextLoader -Root WebApplicationContext: initialization completed in 770 ms
2019-10-29 15:04:40.843 [main] INFO  o.s.s.c.ThreadPoolTaskExecutor -Initializing ExecutorService 'applicationTaskExecutor'
2019-10-29 15:04:40.998 [main] INFO  o.a.coyote.http11.Http11NioProtocol -Starting ProtocolHandler ["http-nio-8083"]
2019-10-29 15:04:41.015 [main] INFO  o.s.b.w.e.tomcat.TomcatWebServer -Tomcat started on port(s): 8083 (http) with context path ''
2019-10-29 15:04:41.018 [main] INFO  c.e.springboot.SpringbootApplication -Started SpringbootApplication in 1.482 seconds (JVM running for 2.365)
2019-10-29 15:04:50.799 [main] INFO  c.e.springboot.SpringbootApplication -Starting SpringbootApplication on DESKTOP-8G5H6CR with PID 18716 (D:\testworkspace\springboot\target\classes started by 1 in D:\testworkspace\springboot)
2019-10-29 15:04:50.801 [main] INFO  c.e.springboot.SpringbootApplication -No active profile set, falling back to default profiles: default
2019-10-29 15:04:51.272 [main] WARN  o.m.s.mapper.ClassPathMapperScanner -Skipping MapperFactoryBean with name 'testUserMapper' and 'com.example.springboot.dao.TestUserMapper' mapperInterface. Bean already defined with the same name!
2019-10-29 15:04:51.273 [main] WARN  o.m.s.mapper.ClassPathMapperScanner -No MyBatis mapper was found in '[com.example.springboot.dao]' package. Please check your configuration.
2019-10-29 15:04:51.283 [main] INFO  o.s.c.a.ConfigurationClassPostProcessor -Cannot enhance @Configuration bean definition 'primaryDataSourceConfig' since its singleton instance has been created too early. The typical cause is a non-static @Bean method with a BeanDefinitionRegistryPostProcessor return type: Consider declaring such methods as 'static'.
2019-10-29 15:04:51.619 [main] INFO  o.s.b.w.e.tomcat.TomcatWebServer -Tomcat initialized with port(s): 8083 (http)
2019-10-29 15:04:51.629 [main] INFO  o.a.coyote.http11.Http11NioProtocol -Initializing ProtocolHandler ["http-nio-8083"]
2019-10-29 15:04:51.636 [main] INFO  o.a.catalina.core.StandardService -Starting service [Tomcat]
2019-10-29 15:04:51.637 [main] INFO  o.a.catalina.core.StandardEngine -Starting Servlet engine: [Apache Tomcat/9.0.22]
2019-10-29 15:04:51.741 [main] INFO  o.a.c.c.C.[Tomcat].[localhost].[/] -Initializing Spring embedded WebApplicationContext
2019-10-29 15:04:51.741 [main] INFO  o.s.web.context.ContextLoader -Root WebApplicationContext: initialization completed in 909 ms
2019-10-29 15:04:52.068 [main] INFO  o.s.s.c.ThreadPoolTaskExecutor -Initializing ExecutorService 'applicationTaskExecutor'
2019-10-29 15:04:52.246 [main] INFO  o.a.coyote.http11.Http11NioProtocol -Starting ProtocolHandler ["http-nio-8083"]
2019-10-29 15:04:52.267 [main] INFO  o.s.b.w.e.tomcat.TomcatWebServer -Tomcat started on port(s): 8083 (http) with context path ''
2019-10-29 15:04:52.269 [main] INFO  c.e.springboot.SpringbootApplication -Started SpringbootApplication in 1.726 seconds (JVM running for 2.722)
2019-10-29 15:06:18.448 [http-nio-8083-exec-2] INFO  o.a.c.c.C.[Tomcat].[localhost].[/] -Initializing Spring DispatcherServlet 'dispatcherServlet'
2019-10-29 15:06:18.448 [http-nio-8083-exec-2] INFO  o.s.web.servlet.DispatcherServlet -Initializing Servlet 'dispatcherServlet'
2019-10-29 15:06:18.453 [http-nio-8083-exec-2] INFO  o.s.web.servlet.DispatcherServlet -Completed initialization in 5 ms
2019-10-29 15:06:18.518 [http-nio-8083-exec-2] INFO  c.alibaba.druid.pool.DruidDataSource -{dataSource-1} inited
2019-10-29 15:09:46.260 [Thread-6] INFO  o.s.s.c.ThreadPoolTaskExecutor -Shutting down ExecutorService 'applicationTaskExecutor'
2019-10-29 15:09:46.279 [Thread-6] INFO  c.alibaba.druid.pool.DruidDataSource -{dataSource-1} closed
2019-10-29 15:09:50.042 [main] INFO  c.e.springboot.SpringbootApplication -Starting SpringbootApplication on DESKTOP-8G5H6CR with PID 20556 (D:\testworkspace\springboot\target\classes started by 1 in D:\testworkspace\springboot)
2019-10-29 15:09:50.045 [main] INFO  c.e.springboot.SpringbootApplication -No active profile set, falling back to default profiles: default
2019-10-29 15:09:50.536 [main] WARN  o.m.s.mapper.ClassPathMapperScanner -Skipping MapperFactoryBean with name 'testUserMapper' and 'com.example.springboot.dao.TestUserMapper' mapperInterface. Bean already defined with the same name!
2019-10-29 15:09:50.536 [main] WARN  o.m.s.mapper.ClassPathMapperScanner -No MyBatis mapper was found in '[com.example.springboot.dao]' package. Please check your configuration.
2019-10-29 15:09:50.547 [main] INFO  o.s.c.a.ConfigurationClassPostProcessor -Cannot enhance @Configuration bean definition 'primaryDataSourceConfig' since its singleton instance has been created too early. The typical cause is a non-static @Bean method with a BeanDefinitionRegistryPostProcessor return type: Consider declaring such methods as 'static'.
2019-10-29 15:09:50.869 [main] INFO  o.s.b.w.e.tomcat.TomcatWebServer -Tomcat initialized with port(s): 8083 (http)
2019-10-29 15:09:50.878 [main] INFO  o.a.coyote.http11.Http11NioProtocol -Initializing ProtocolHandler ["http-nio-8083"]
2019-10-29 15:09:50.884 [main] INFO  o.a.catalina.core.StandardService -Starting service [Tomcat]
2019-10-29 15:09:50.885 [main] INFO  o.a.catalina.core.StandardEngine -Starting Servlet engine: [Apache Tomcat/9.0.22]
2019-10-29 15:09:50.979 [main] INFO  o.a.c.c.C.[Tomcat].[localhost].[/] -Initializing Spring embedded WebApplicationContext
2019-10-29 15:09:50.979 [main] INFO  o.s.web.context.ContextLoader -Root WebApplicationContext: initialization completed in 896 ms
2019-10-29 15:09:51.372 [main] INFO  o.s.s.c.ThreadPoolTaskExecutor -Initializing ExecutorService 'applicationTaskExecutor'
2019-10-29 15:09:51.511 [main] INFO  o.a.coyote.http11.Http11NioProtocol -Starting ProtocolHandler ["http-nio-8083"]
2019-10-29 15:09:51.531 [main] INFO  o.s.b.w.e.tomcat.TomcatWebServer -Tomcat started on port(s): 8083 (http) with context path ''
2019-10-29 15:09:51.534 [main] INFO  c.e.springboot.SpringbootApplication -Started SpringbootApplication in 1.744 seconds (JVM running for 2.785)
2019-10-29 15:10:10.857 [http-nio-8083-exec-1] INFO  o.a.c.c.C.[Tomcat].[localhost].[/] -Initializing Spring DispatcherServlet 'dispatcherServlet'
2019-10-29 15:10:10.858 [http-nio-8083-exec-1] INFO  o.s.web.servlet.DispatcherServlet -Initializing Servlet 'dispatcherServlet'
2019-10-29 15:10:10.862 [http-nio-8083-exec-1] INFO  o.s.web.servlet.DispatcherServlet -Completed initialization in 4 ms
2019-10-29 15:10:10.913 [http-nio-8083-exec-1] INFO  c.alibaba.druid.pool.DruidDataSource -{dataSource-1} inited
2019-10-29 16:12:39.147 [Thread-6] INFO  o.s.s.c.ThreadPoolTaskExecutor -Shutting down ExecutorService 'applicationTaskExecutor'
2019-10-29 16:12:39.157 [Thread-6] INFO  c.alibaba.druid.pool.DruidDataSource -{dataSource-1} closed
2019-10-29 16:12:46.130 [main] INFO  c.e.springboot.SpringbootApplication -Starting SpringbootApplication on DESKTOP-8G5H6CR with PID 5284 (D:\testworkspace\springboot\target\classes started by 1 in D:\testworkspace\springboot)
2019-10-29 16:12:46.132 [main] INFO  c.e.springboot.SpringbootApplication -No active profile set, falling back to default profiles: default
2019-10-29 16:12:46.608 [main] INFO  o.s.d.r.c.RepositoryConfigurationDelegate -Multiple Spring Data modules found, entering strict repository configuration mode!
2019-10-29 16:12:46.610 [main] INFO  o.s.d.r.c.RepositoryConfigurationDelegate -Bootstrapping Spring Data repositories in DEFAULT mode.
2019-10-29 16:12:46.633 [main] INFO  o.s.d.r.c.RepositoryConfigurationDelegate -Finished Spring Data repository scanning in 13ms. Found 0 repository interfaces.
2019-10-29 16:12:46.701 [main] WARN  o.m.s.mapper.ClassPathMapperScanner -Skipping MapperFactoryBean with name 'testUserMapper' and 'com.example.springboot.dao.TestUserMapper' mapperInterface. Bean already defined with the same name!
2019-10-29 16:12:46.702 [main] WARN  o.m.s.mapper.ClassPathMapperScanner -No MyBatis mapper was found in '[com.example.springboot.dao]' package. Please check your configuration.
2019-10-29 16:12:46.713 [main] INFO  o.s.c.a.ConfigurationClassPostProcessor -Cannot enhance @Configuration bean definition 'primaryDataSourceConfig' since its singleton instance has been created too early. The typical cause is a non-static @Bean method with a BeanDefinitionRegistryPostProcessor return type: Consider declaring such methods as 'static'.
2019-10-29 16:12:46.883 [main] INFO  o.s.c.s.PostProcessorRegistrationDelegate$BeanPostProcessorChecker -Bean 'org.springframework.transaction.annotation.ProxyTransactionManagementConfiguration' of type [org.springframework.transaction.annotation.ProxyTransactionManagementConfiguration$$EnhancerBySpringCGLIB$$720287b2] is not eligible for getting processed by all BeanPostProcessors (for example: not eligible for auto-proxying)
2019-10-29 16:12:47.099 [main] INFO  o.s.b.w.e.tomcat.TomcatWebServer -Tomcat initialized with port(s): 8083 (http)
2019-10-29 16:12:47.116 [main] INFO  o.a.coyote.http11.Http11NioProtocol -Initializing ProtocolHandler ["http-nio-8083"]
2019-10-29 16:12:47.124 [main] INFO  o.a.catalina.core.StandardService -Starting service [Tomcat]
2019-10-29 16:12:47.125 [main] INFO  o.a.catalina.core.StandardEngine -Starting Servlet engine: [Apache Tomcat/9.0.22]
2019-10-29 16:12:47.241 [main] INFO  o.a.c.c.C.[Tomcat].[localhost].[/] -Initializing Spring embedded WebApplicationContext
2019-10-29 16:12:47.241 [main] INFO  o.s.web.context.ContextLoader -Root WebApplicationContext: initialization completed in 1078 ms
2019-10-29 16:12:47.418 [main] INFO  c.e.s.config.redis.RedisConfig -redis
2019-10-29 16:12:47.779 [main] INFO  o.s.s.c.ThreadPoolTaskExecutor -Initializing ExecutorService 'applicationTaskExecutor'
2019-10-29 16:12:48.019 [main] INFO  o.a.coyote.http11.Http11NioProtocol -Starting ProtocolHandler ["http-nio-8083"]
2019-10-29 16:12:48.040 [main] INFO  o.s.b.w.e.tomcat.TomcatWebServer -Tomcat started on port(s): 8083 (http) with context path ''
2019-10-29 16:12:48.043 [main] INFO  c.e.springboot.SpringbootApplication -Started SpringbootApplication in 2.187 seconds (JVM running for 3.239)
2019-10-29 16:12:58.294 [http-nio-8083-exec-2] INFO  o.a.c.c.C.[Tomcat].[localhost].[/] -Initializing Spring DispatcherServlet 'dispatcherServlet'
2019-10-29 16:12:58.294 [http-nio-8083-exec-2] INFO  o.s.web.servlet.DispatcherServlet -Initializing Servlet 'dispatcherServlet'
2019-10-29 16:12:58.300 [http-nio-8083-exec-2] INFO  o.s.web.servlet.DispatcherServlet -Completed initialization in 6 ms
2019-10-29 16:12:58.370 [http-nio-8083-exec-2] INFO  c.alibaba.druid.pool.DruidDataSource -{dataSource-1} inited
2019-10-29 16:12:58.603 [http-nio-8083-exec-2] INFO  io.lettuce.core.EpollProvider -Starting without optional epoll library
2019-10-29 16:12:58.604 [http-nio-8083-exec-2] INFO  io.lettuce.core.KqueueProvider -Starting without optional kqueue library
2019-10-29 16:22:53.255 [Thread-6] INFO  o.s.s.c.ThreadPoolTaskExecutor -Shutting down ExecutorService 'applicationTaskExecutor'
2019-10-29 16:22:53.294 [Thread-6] INFO  c.alibaba.druid.pool.DruidDataSource -{dataSource-1} closed
2019-10-29 16:22:59.369 [main] INFO  c.e.springboot.SpringbootApplication -Starting SpringbootApplication on DESKTOP-8G5H6CR with PID 23372 (D:\testworkspace\springboot\target\classes started by 1 in D:\testworkspace\springboot)
2019-10-29 16:22:59.371 [main] INFO  c.e.springboot.SpringbootApplication -No active profile set, falling back to default profiles: default
2019-10-29 16:22:59.869 [main] INFO  o.s.d.r.c.RepositoryConfigurationDelegate -Multiple Spring Data modules found, entering strict repository configuration mode!
2019-10-29 16:22:59.871 [main] INFO  o.s.d.r.c.RepositoryConfigurationDelegate -Bootstrapping Spring Data repositories in DEFAULT mode.
2019-10-29 16:22:59.893 [main] INFO  o.s.d.r.c.RepositoryConfigurationDelegate -Finished Spring Data repository scanning in 12ms. Found 0 repository interfaces.
2019-10-29 16:22:59.958 [main] WARN  o.m.s.mapper.ClassPathMapperScanner -Skipping MapperFactoryBean with name 'testUserMapper' and 'com.example.springboot.dao.TestUserMapper' mapperInterface. Bean already defined with the same name!
2019-10-29 16:22:59.958 [main] WARN  o.m.s.mapper.ClassPathMapperScanner -No MyBatis mapper was found in '[com.example.springboot.dao]' package. Please check your configuration.
2019-10-29 16:22:59.969 [main] INFO  o.s.c.a.ConfigurationClassPostProcessor -Cannot enhance @Configuration bean definition 'primaryDataSourceConfig' since its singleton instance has been created too early. The typical cause is a non-static @Bean method with a BeanDefinitionRegistryPostProcessor return type: Consider declaring such methods as 'static'.
2019-10-29 16:23:00.127 [main] INFO  o.s.c.s.PostProcessorRegistrationDelegate$BeanPostProcessorChecker -Bean 'org.springframework.transaction.annotation.ProxyTransactionManagementConfiguration' of type [org.springframework.transaction.annotation.ProxyTransactionManagementConfiguration$$EnhancerBySpringCGLIB$$e3cd619b] is not eligible for getting processed by all BeanPostProcessors (for example: not eligible for auto-proxying)
2019-10-29 16:23:00.319 [main] INFO  o.s.b.w.e.tomcat.TomcatWebServer -Tomcat initialized with port(s): 8083 (http)
2019-10-29 16:23:00.328 [main] INFO  o.a.coyote.http11.Http11NioProtocol -Initializing ProtocolHandler ["http-nio-8083"]
2019-10-29 16:23:00.335 [main] INFO  o.a.catalina.core.StandardService -Starting service [Tomcat]
2019-10-29 16:23:00.335 [main] INFO  o.a.catalina.core.StandardEngine -Starting Servlet engine: [Apache Tomcat/9.0.22]
2019-10-29 16:23:00.453 [main] INFO  o.a.c.c.C.[Tomcat].[localhost].[/] -Initializing Spring embedded WebApplicationContext
2019-10-29 16:23:00.453 [main] INFO  o.s.web.context.ContextLoader -Root WebApplicationContext: initialization completed in 1047 ms
2019-10-29 16:23:00.630 [main] INFO  c.e.s.config.redis.RedisConfig -redis
2019-10-29 16:23:00.980 [main] INFO  o.s.s.c.ThreadPoolTaskExecutor -Initializing ExecutorService 'applicationTaskExecutor'
2019-10-29 16:23:01.221 [main] INFO  o.a.coyote.http11.Http11NioProtocol -Starting ProtocolHandler ["http-nio-8083"]
2019-10-29 16:23:01.242 [main] INFO  o.s.b.w.e.tomcat.TomcatWebServer -Tomcat started on port(s): 8083 (http) with context path ''
2019-10-29 16:23:01.244 [main] INFO  c.e.springboot.SpringbootApplication -Started SpringbootApplication in 2.133 seconds (JVM running for 3.226)
2019-10-29 16:23:13.041 [http-nio-8083-exec-1] INFO  o.a.c.c.C.[Tomcat].[localhost].[/] -Initializing Spring DispatcherServlet 'dispatcherServlet'
2019-10-29 16:23:13.041 [http-nio-8083-exec-1] INFO  o.s.web.servlet.DispatcherServlet -Initializing Servlet 'dispatcherServlet'
2019-10-29 16:23:13.049 [http-nio-8083-exec-1] INFO  o.s.web.servlet.DispatcherServlet -Completed initialization in 8 ms
2019-10-29 16:23:13.120 [http-nio-8083-exec-1] INFO  c.alibaba.druid.pool.DruidDataSource -{dataSource-1} inited
2019-10-29 16:23:13.375 [http-nio-8083-exec-1] INFO  io.lettuce.core.EpollProvider -Starting without optional epoll library
2019-10-29 16:23:13.376 [http-nio-8083-exec-1] INFO  io.lettuce.core.KqueueProvider -Starting without optional kqueue library
2019-10-29 16:55:02.163 [lettuce-nioEventLoop-4-1] INFO  i.l.core.protocol.CommandHandler -null Unexpected exception during request: java.io.IOException: 
java.io.IOException: 
	at sun.nio.ch.SocketDispatcher.read0(Native Method)
	at sun.nio.ch.SocketDispatcher.read(SocketDispatcher.java:43)
	at sun.nio.ch.IOUtil.readIntoNativeBuffer(IOUtil.java:223)
	at sun.nio.ch.IOUtil.read(IOUtil.java:192)
	at sun.nio.ch.SocketChannelImpl.read(SocketChannelImpl.java:380)
	at io.netty.buffer.PooledByteBuf.setBytes(PooledByteBuf.java:247)
	at io.netty.buffer.AbstractByteBuf.writeBytes(AbstractByteBuf.java:1140)
	at io.netty.channel.socket.nio.NioSocketChannel.doReadBytes(NioSocketChannel.java:347)
	at io.netty.channel.nio.AbstractNioByteChannel$NioByteUnsafe.read(AbstractNioByteChannel.java:148)
	at io.netty.channel.nio.NioEventLoop.processSelectedKey(NioEventLoop.java:697)
	at io.netty.channel.nio.NioEventLoop.processSelectedKeysOptimized(NioEventLoop.java:632)
	at io.netty.channel.nio.NioEventLoop.processSelectedKeys(NioEventLoop.java:549)
	at io.netty.channel.nio.NioEventLoop.run(NioEventLoop.java:511)
	at io.netty.util.concurrent.SingleThreadEventExecutor$5.run(SingleThreadEventExecutor.java:918)
	at io.netty.util.internal.ThreadExecutorMap$2.run(ThreadExecutorMap.java:74)
	at io.netty.util.concurrent.FastThreadLocalRunnable.run(FastThreadLocalRunnable.java:30)
	at java.lang.Thread.run(Thread.java:748)
2019-10-29 16:55:02.273 [lettuce-eventExecutorLoop-1-2] INFO  i.l.core.protocol.ConnectionWatchdog -Reconnecting, last destination was /127.0.0.1:6379
2019-10-29 16:55:02.282 [lettuce-nioEventLoop-4-2] INFO  i.l.c.protocol.ReconnectionHandler -Reconnected to 127.0.0.1:6379
2019-10-29 16:57:02.158 [lettuce-nioEventLoop-4-1] WARN  io.netty.channel.nio.NioEventLoop -Selector.select() returned prematurely 512 times in a row; rebuilding Selector io.netty.channel.nio.SelectedSelectionKeySetSelector@7e328c64.
2019-10-29 16:57:02.159 [lettuce-nioEventLoop-4-1] INFO  io.netty.channel.nio.NioEventLoop -Migrated 0 channel(s) to the new Selector.
2019-10-29 16:57:02.285 [lettuce-nioEventLoop-4-2] WARN  io.netty.channel.nio.NioEventLoop -Selector.select() returned prematurely 512 times in a row; rebuilding Selector io.netty.channel.nio.SelectedSelectionKeySetSelector@2f7e51cf.
2019-10-29 16:57:02.286 [lettuce-nioEventLoop-4-2] INFO  io.netty.channel.nio.NioEventLoop -Migrated 1 channel(s) to the new Selector.
2019-10-29 17:40:02.996 [Thread-7] INFO  o.s.s.c.ThreadPoolTaskExecutor -Shutting down ExecutorService 'applicationTaskExecutor'
2019-10-29 17:40:03.036 [Thread-7] INFO  c.alibaba.druid.pool.DruidDataSource -{dataSource-1} closed
2019-10-29 17:40:03.187 [lettuce-nioEventLoop-4-3] WARN  io.netty.channel.nio.NioEventLoop -Selector.select() returned prematurely 512 times in a row; rebuilding Selector io.netty.channel.nio.SelectedSelectionKeySetSelector@37bbf947.
2019-10-29 17:40:03.187 [lettuce-nioEventLoop-4-6] WARN  io.netty.channel.nio.NioEventLoop -Selector.select() returned prematurely 512 times in a row; rebuilding Selector io.netty.channel.nio.SelectedSelectionKeySetSelector@a8f9926.
2019-10-29 17:40:03.187 [lettuce-nioEventLoop-4-5] WARN  io.netty.channel.nio.NioEventLoop -Selector.select() returned prematurely 512 times in a row; rebuilding Selector io.netty.channel.nio.SelectedSelectionKeySetSelector@6676215c.
2019-10-29 17:40:03.187 [lettuce-nioEventLoop-4-4] WARN  io.netty.channel.nio.NioEventLoop -Selector.select() returned prematurely 512 times in a row; rebuilding Selector io.netty.channel.nio.SelectedSelectionKeySetSelector@109145ef.
2019-10-29 17:40:03.189 [lettuce-nioEventLoop-4-4] INFO  io.netty.channel.nio.NioEventLoop -Migrated 0 channel(s) to the new Selector.
2019-10-29 17:40:03.190 [lettuce-nioEventLoop-4-3] INFO  io.netty.channel.nio.NioEventLoop -Migrated 0 channel(s) to the new Selector.
2019-10-29 17:40:03.190 [lettuce-nioEventLoop-4-5] INFO  io.netty.channel.nio.NioEventLoop -Migrated 0 channel(s) to the new Selector.
2019-10-29 17:40:03.191 [lettuce-nioEventLoop-4-6] INFO  io.netty.channel.nio.NioEventLoop -Migrated 0 channel(s) to the new Selector.
